<?xml version="1.0" encoding="UTF-8"?>
<!-- Generated by org.testng.reporters.JUnitReportReporter -->
<testsuite hostname="THEJAS" failures="0" tests="1" name="testcase.Testcase_6" time="58.846" errors="0" timestamp="2022-05-19T04:04:21 IST" skipped="0">
  <testcase classname="testcase.Testcase_6" name="open" time="58.846"/>
  <system-out/>
</testsuite> <!-- testcase.Testcase_6 -->
