<?xml version="1.0" encoding="UTF-8"?>
<!-- Generated by org.testng.reporters.JUnitReportReporter -->
<testsuite hostname="THEJAS" failures="0" tests="1" name="testcase.Testcase_9" time="45.930" errors="0" timestamp="2022-05-19T04:23:13 IST" skipped="0">
  <testcase classname="testcase.Testcase_9" name="open" time="45.930"/>
  <system-out/>
</testsuite> <!-- testcase.Testcase_9 -->
