<?xml version="1.0" encoding="UTF-8"?>
<!-- Generated by org.testng.reporters.JUnitReportReporter -->
<testsuite hostname="THEJAS" failures="0" tests="1" name="testcase.Testcase_10" time="38.823" errors="0" timestamp="2022-05-19T04:24:40 IST" skipped="0">
  <testcase classname="testcase.Testcase_10" name="open" time="38.823"/>
  <system-out/>
</testsuite> <!-- testcase.Testcase_10 -->
