<?xml version="1.0" encoding="UTF-8"?>
<!-- Generated by org.testng.reporters.JUnitReportReporter -->
<testsuite hostname="THEJAS" failures="0" tests="1" name="testcase.Testcase_8" time="46.931" errors="0" timestamp="2022-05-19T04:18:36 IST" skipped="0">
  <testcase classname="testcase.Testcase_8" name="open" time="46.931"/>
  <system-out/>
</testsuite> <!-- testcase.Testcase_8 -->
