<?xml version="1.0" encoding="UTF-8"?>
<!-- Generated by org.testng.reporters.JUnitReportReporter -->
<testsuite hostname="THEJAS" failures="0" tests="1" name="testcase.MySecondTest" time="71.065" errors="0" timestamp="2022-05-17T21:38:50 IST" skipped="0">
  <testcase classname="testcase.MySecondTest" name="open" time="71.065"/>
  <system-out/>
</testsuite> <!-- testcase.MySecondTest -->
