<?xml version="1.0" encoding="UTF-8"?>
<!-- Generated by org.testng.reporters.JUnitReportReporter -->
<testsuite hostname="THEJAS" failures="0" tests="1" name="testcase.Testcase_2" time="44.204" errors="0" timestamp="2022-05-19T03:45:08 IST" skipped="0">
  <testcase classname="testcase.Testcase_2" name="open" time="44.204"/>
  <system-out/>
</testsuite> <!-- testcase.Testcase_2 -->
