<?xml version="1.0" encoding="UTF-8"?>
<!-- Generated by org.testng.reporters.JUnitReportReporter -->
<testsuite hostname="THEJAS" failures="0" tests="1" name="testcase.Testcase_1" time="46.750" errors="0" timestamp="2022-05-19T03:46:26 IST" skipped="0">
  <testcase classname="testcase.Testcase_1" name="open" time="46.750"/>
  <system-out/>
</testsuite> <!-- testcase.Testcase_1 -->
