<?xml version="1.0" encoding="UTF-8"?>
<!-- Generated by org.testng.reporters.JUnitReportReporter -->
<testsuite hostname="THEJAS" failures="0" tests="1" name="testcase.Testcase_7" time="56.649" errors="0" timestamp="2022-05-19T04:16:07 IST" skipped="0">
  <testcase classname="testcase.Testcase_7" name="open" time="56.649"/>
  <system-out/>
</testsuite> <!-- testcase.Testcase_7 -->
