<?xml version="1.0" encoding="UTF-8"?>
<!-- Generated by org.testng.reporters.JUnitReportReporter -->
<testsuite hostname="THEJAS" failures="0" tests="1" name="testcase.Testcase_5" time="57.752" errors="0" timestamp="2022-05-19T04:02:16 IST" skipped="0">
  <testcase classname="testcase.Testcase_5" name="open" time="57.752"/>
  <system-out/>
</testsuite> <!-- testcase.Testcase_5 -->
