<?xml version="1.0" encoding="UTF-8"?>
<!-- Generated by org.testng.reporters.JUnitReportReporter -->
<testsuite hostname="THEJAS" failures="0" tests="1" name="testcase.Testcase_3" time="52.210" errors="0" timestamp="2022-05-19T03:57:37 IST" skipped="0">
  <testcase classname="testcase.Testcase_3" name="open" time="52.210"/>
  <system-out/>
</testsuite> <!-- testcase.Testcase_3 -->
