<?xml version="1.0" encoding="UTF-8"?>
<!-- Generated by org.testng.reporters.JUnitReportReporter -->
<testsuite hostname="THEJAS" failures="0" tests="1" name="testcase.Testcase_4" time="50.924" errors="0" timestamp="2022-05-19T03:59:51 IST" skipped="0">
  <testcase classname="testcase.Testcase_4" name="open" time="50.924"/>
  <system-out/>
</testsuite> <!-- testcase.Testcase_4 -->
