<?xml version="1.0" encoding="UTF-8"?>
<!-- Generated by org.testng.reporters.JUnitReportReporter -->
<testsuite hostname="THEJAS" failures="0" tests="1" name="testcase.MyFirstTestFW" time="31.504" errors="0" timestamp="2022-04-25T21:54:14 IST" skipped="0">
  <testcase classname="testcase.MyFirstTestFW" name="open" time="31.504"/>
  <system-out/>
</testsuite> <!-- testcase.MyFirstTestFW -->
