<?xml version="1.0" encoding="UTF-8"?>
<!-- Generated by org.testng.reporters.JUnitReportReporter -->
<testsuite hostname="THEJAS" failures="0" tests="1" name="testcase.MyThirdTest" time="63.512" errors="0" timestamp="2022-05-17T21:38:50 IST" skipped="0">
  <testcase classname="testcase.MyThirdTest" name="open" time="63.512"/>
  <system-out/>
</testsuite> <!-- testcase.MyThirdTest -->
